0 info it worked if it ends with ok
1 verbose cli [ 'node', '/usr/local/bin/npm', 'install', 'through2' ]
2 info using npm@1.4.28
3 info using node@v0.10.32
4 verbose config Skipping project config: /Users/kneiser/.npmrc. (matches userconfig)
5 verbose cache add [ 'through2', null ]
6 verbose cache add name=undefined spec="through2" args=["through2",null]
7 verbose parsed url { protocol: null,
7 verbose parsed url   slashes: null,
7 verbose parsed url   auth: null,
7 verbose parsed url   host: null,
7 verbose parsed url   port: null,
7 verbose parsed url   hostname: null,
7 verbose parsed url   hash: null,
7 verbose parsed url   search: null,
7 verbose parsed url   query: null,
7 verbose parsed url   pathname: 'through2',
7 verbose parsed url   path: 'through2',
7 verbose parsed url   href: 'through2' }
8 silly lockFile 726c3a5d-through2 through2
9 verbose lock through2 /Users/kneiser/.npm/726c3a5d-through2.lock
10 silly lockFile 726c3a5d-through2 through2
11 silly lockFile 726c3a5d-through2 through2
12 verbose addNamed [ 'through2', '' ]
13 verbose addNamed [ null, '*' ]
14 silly lockFile a91c702d-through2 through2@
15 verbose lock through2@ /Users/kneiser/.npm/a91c702d-through2.lock
16 silly addNameRange { name: 'through2', range: '*', hasData: false }
17 verbose request where is /through2
18 verbose request registry https://registry.npmjs.org/
19 verbose request id 47a2ce6b01fb61a1
20 verbose url raw /through2
21 verbose url resolving [ 'https://registry.npmjs.org/', './through2' ]
22 verbose url resolved https://registry.npmjs.org/through2
23 verbose request where is https://registry.npmjs.org/through2
24 info trying registry request attempt 1 at 14:52:15
25 verbose etag "EY6VFK78OX41Y07UNU036A910"
26 http GET https://registry.npmjs.org/through2
27 http 304 https://registry.npmjs.org/through2
28 silly registry.get cb [ 304,
28 silly registry.get   { date: 'Sun, 28 Dec 2014 19:52:16 GMT',
28 silly registry.get     server: 'Apache',
28 silly registry.get     via: '1.1 varnish',
28 silly registry.get     'last-modified': 'Sun, 28 Dec 2014 19:52:16 GMT',
28 silly registry.get     'cache-control': 'max-age=60',
28 silly registry.get     etag: '"EY6VFK78OX41Y07UNU036A910"',
28 silly registry.get     age: '10',
28 silly registry.get     'x-served-by': 'cache-iad2137-IAD',
28 silly registry.get     'x-cache': 'HIT',
28 silly registry.get     'x-cache-hits': '1',
28 silly registry.get     'x-timer': 'S1419796336.243053,VS0,VE0',
28 silly registry.get     vary: 'Accept',
28 silly registry.get     'content-length': '0',
28 silly registry.get     'keep-alive': 'timeout=10, max=50',
28 silly registry.get     connection: 'Keep-Alive' } ]
29 verbose etag https://registry.npmjs.org/through2 from cache
30 silly addNameRange number 2 { name: 'through2', range: '*', hasData: true }
31 silly addNameRange versions [ 'through2',
31 silly addNameRange   [ '0.0.0',
31 silly addNameRange     '0.0.1',
31 silly addNameRange     '0.0.2',
31 silly addNameRange     '0.0.3',
31 silly addNameRange     '0.0.4',
31 silly addNameRange     '0.0.5',
31 silly addNameRange     '0.1.0',
31 silly addNameRange     '0.2.0',
31 silly addNameRange     '0.2.1',
31 silly addNameRange     '0.2.2',
31 silly addNameRange     '0.2.3',
31 silly addNameRange     '0.3.0',
31 silly addNameRange     '0.4.0',
31 silly addNameRange     '0.4.1',
31 silly addNameRange     '1.0.0',
31 silly addNameRange     '0.4.2',
31 silly addNameRange     '0.5.0',
31 silly addNameRange     '0.5.1',
31 silly addNameRange     '0.6.0',
31 silly addNameRange     '1.1.0',
31 silly addNameRange     '0.6.1',
31 silly addNameRange     '1.1.1',
31 silly addNameRange     '0.6.2',
31 silly addNameRange     '0.6.3' ] ]
32 verbose addNamed [ 'through2', '0.6.3' ]
33 verbose addNamed [ '0.6.3', '0.6.3' ]
34 silly lockFile 2a56946f-through2-0-6-3 through2@0.6.3
35 verbose lock through2@0.6.3 /Users/kneiser/.npm/2a56946f-through2-0-6-3.lock
36 silly lockFile 443e9f42--org-through2-through2-0-6-3-tgz https://registry.npmjs.org/through2/-/through2-0.6.3.tgz
37 verbose lock https://registry.npmjs.org/through2/-/through2-0.6.3.tgz /Users/kneiser/.npm/443e9f42--org-through2-through2-0-6-3-tgz.lock
38 verbose addRemoteTarball [ 'https://registry.npmjs.org/through2/-/through2-0.6.3.tgz',
38 verbose addRemoteTarball   '795292fde9f254c2a368b38f9cc5d1bd4663afb6' ]
39 info retry fetch attempt 1 at 14:52:16
40 verbose fetch to= /var/folders/fg/6mzfgkr57fj6r6mbmhnb0ycc0000gn/T/npm-94052-7kqwt7Hr/registry.npmjs.org/through2/-/through2-0.6.3.tgz
41 http GET https://registry.npmjs.org/through2/-/through2-0.6.3.tgz
42 http 200 https://registry.npmjs.org/through2/-/through2-0.6.3.tgz
43 silly lockFile 443e9f42--org-through2-through2-0-6-3-tgz https://registry.npmjs.org/through2/-/through2-0.6.3.tgz
44 silly lockFile 443e9f42--org-through2-through2-0-6-3-tgz https://registry.npmjs.org/through2/-/through2-0.6.3.tgz
45 silly lockFile 2a56946f-through2-0-6-3 through2@0.6.3
46 silly lockFile 2a56946f-through2-0-6-3 through2@0.6.3
47 silly lockFile a91c702d-through2 through2@
48 silly lockFile a91c702d-through2 through2@
49 error Error: EACCES, mkdir '/Users/kneiser/.npm/through2/0.6.3'
49 error  { [Error: EACCES, mkdir '/Users/kneiser/.npm/through2/0.6.3']
49 error   errno: 3,
49 error   code: 'EACCES',
49 error   path: '/Users/kneiser/.npm/through2/0.6.3' }
50 error Please try running this command again as root/Administrator.
51 error System Darwin 14.0.0
52 error command "node" "/usr/local/bin/npm" "install" "through2"
53 error cwd /Users/kneiser/Desktop/code/code-node/learnyounode
54 error node -v v0.10.32
55 error npm -v 1.4.28
56 error path /Users/kneiser/.npm/through2/0.6.3
57 error code EACCES
58 error errno 3
59 error stack Error: EACCES, mkdir '/Users/kneiser/.npm/through2/0.6.3'
60 verbose exit [ 3, true ]
